::1 - - [15/Jan/2010:14:49:50 +0000] "GET / HTTP/1.1" 403 202
::1 - - [15/Jan/2010:14:49:51 +0000] "GET / HTTP/1.1" 403 202
::1 - - [15/Jan/2010:14:49:53 +0000] "GET / HTTP/1.1" 403 202
::1 - - [15/Jan/2010:14:50:11 +0000] "GET / HTTP/1.1" 403 202
::1 - - [15/Jan/2010:14:50:11 +0000] "GET / HTTP/1.1" 403 202
::1 - - [15/Jan/2010:14:50:13 +0000] "GET / HTTP/1.1" 403 202
::1 - - [15/Jan/2010:14:50:14 +0000] "GET / HTTP/1.1" 403 202
::1 - - [15/Jan/2010:14:50:17 +0000] "GET / HTTP/1.1" 403 202
::1 - - [15/Jan/2010:14:50:19 +0000] "GET / HTTP/1.1" 403 202
::1 - - [15/Jan/2010:14:51:03 +0000] "GET / HTTP/1.1" 200 602
::1 - - [15/Jan/2010:14:53:22 +0000] "GET / HTTP/1.1" 200 1430
::1 - - [15/Jan/2010:14:53:23 +0000] "GET /js/swfupload.js HTTP/1.1" 200 37690
::1 - - [15/Jan/2010:14:53:23 +0000] "GET /js/swfupload.swfobject.js HTTP/1.1" 200 13627
::1 - - [15/Jan/2010:14:53:23 +0000] "GET /js/panda_uploader.js HTTP/1.1" 200 3256
::1 - - [15/Jan/2010:14:53:23 +0000] "GET /js/handlers.js HTTP/1.1" 200 8746
::1 - - [15/Jan/2010:14:53:23 +0000] "GET /js/fileprogress.js HTTP/1.1" 200 5868
::1 - - [15/Jan/2010:14:53:23 +0000] "GET /flash/swfupload.swf?preventswfcaching=1263567203085 HTTP/1.1" 200 12787
::1 - - [15/Jan/2010:14:53:23 +0000] "GET /flash/swfupload.swf?preventswfcaching=1263567203085 HTTP/1.1" 304 -
::1 - - [15/Jan/2010:14:55:10 +0000] "GET / HTTP/1.1" 302 -
::1 - - [15/Jan/2010:14:55:10 +0000] "GET / HTTP/1.1" 302 -
::1 - - [15/Jan/2010:14:55:10 +0000] "GET / HTTP/1.1" 302 -
::1 - - [15/Jan/2010:14:55:10 +0000] "GET / HTTP/1.1" 302 -
::1 - - [15/Jan/2010:14:55:10 +0000] "GET / HTTP/1.1" 302 -
::1 - - [15/Jan/2010:14:55:10 +0000] "GET / HTTP/1.1" 302 -
::1 - - [15/Jan/2010:14:55:10 +0000] "GET / HTTP/1.1" 302 -
::1 - - [15/Jan/2010:14:55:10 +0000] "GET / HTTP/1.1" 302 -
::1 - - [15/Jan/2010:14:55:10 +0000] "GET / HTTP/1.1" 302 -
::1 - - [15/Jan/2010:14:55:10 +0000] "GET / HTTP/1.1" 302 -
::1 - - [15/Jan/2010:14:55:10 +0000] "GET / HTTP/1.1" 302 -
::1 - - [15/Jan/2010:14:55:10 +0000] "GET / HTTP/1.1" 302 -
::1 - - [15/Jan/2010:14:55:10 +0000] "GET / HTTP/1.1" 302 -
::1 - - [15/Jan/2010:14:55:10 +0000] "GET / HTTP/1.1" 302 -
::1 - - [15/Jan/2010:14:55:10 +0000] "GET / HTTP/1.1" 302 -
::1 - - [15/Jan/2010:14:55:10 +0000] "GET / HTTP/1.1" 302 -
::1 - - [15/Jan/2010:14:55:10 +0000] "GET / HTTP/1.1" 302 -
::1 - - [15/Jan/2010:14:55:10 +0000] "GET / HTTP/1.1" 302 -
::1 - - [15/Jan/2010:14:55:10 +0000] "GET / HTTP/1.1" 302 -
::1 - - [15/Jan/2010:14:55:10 +0000] "GET / HTTP/1.1" 302 -
::1 - - [15/Jan/2010:14:55:10 +0000] "GET / HTTP/1.1" 302 -
::1 - - [15/Jan/2010:14:55:15 +0000] "GET / HTTP/1.1" 302 -
::1 - - [15/Jan/2010:14:55:15 +0000] "GET / HTTP/1.1" 302 -
::1 - - [15/Jan/2010:14:55:15 +0000] "GET / HTTP/1.1" 302 -
::1 - - [15/Jan/2010:14:55:15 +0000] "GET / HTTP/1.1" 302 -
::1 - - [15/Jan/2010:14:55:15 +0000] "GET / HTTP/1.1" 302 -
::1 - - [15/Jan/2010:14:55:15 +0000] "GET / HTTP/1.1" 302 -
::1 - - [15/Jan/2010:14:55:15 +0000] "GET / HTTP/1.1" 302 -
::1 - - [15/Jan/2010:14:55:15 +0000] "GET / HTTP/1.1" 302 -
::1 - - [15/Jan/2010:14:55:15 +0000] "GET / HTTP/1.1" 302 -
::1 - - [15/Jan/2010:14:55:15 +0000] "GET / HTTP/1.1" 302 -
::1 - - [15/Jan/2010:14:55:15 +0000] "GET / HTTP/1.1" 302 -
::1 - - [15/Jan/2010:14:55:15 +0000] "GET / HTTP/1.1" 302 -
::1 - - [15/Jan/2010:14:55:15 +0000] "GET / HTTP/1.1" 302 -
::1 - - [15/Jan/2010:14:55:15 +0000] "GET / HTTP/1.1" 302 -
::1 - - [15/Jan/2010:14:55:15 +0000] "GET / HTTP/1.1" 302 -
::1 - - [15/Jan/2010:14:55:15 +0000] "GET / HTTP/1.1" 302 -
::1 - - [15/Jan/2010:14:55:15 +0000] "GET / HTTP/1.1" 302 -
::1 - - [15/Jan/2010:14:55:15 +0000] "GET / HTTP/1.1" 302 -
::1 - - [15/Jan/2010:14:55:15 +0000] "GET / HTTP/1.1" 302 -
::1 - - [15/Jan/2010:14:55:15 +0000] "GET / HTTP/1.1" 302 -
::1 - - [15/Jan/2010:14:55:15 +0000] "GET / HTTP/1.1" 302 -
::1 - - [15/Jan/2010:14:55:29 +0000] "GET / HTTP/1.1" 200 1284
::1 - - [15/Jan/2010:14:55:29 +0000] "GET /js/swfupload.js HTTP/1.1" 304 -
::1 - - [15/Jan/2010:14:55:29 +0000] "GET /js/swfupload.swfobject.js HTTP/1.1" 304 -
::1 - - [15/Jan/2010:14:55:29 +0000] "GET /js/panda_uploader.js HTTP/1.1" 304 -
::1 - - [15/Jan/2010:14:55:29 +0000] "GET /js/handlers.js HTTP/1.1" 304 -
::1 - - [15/Jan/2010:14:55:29 +0000] "GET /js/fileprogress.js HTTP/1.1" 304 -
::1 - - [15/Jan/2010:14:55:29 +0000] "GET /flash/swfupload.swf?preventswfcaching=1263567329974 HTTP/1.1" 200 12787
::1 - - [15/Jan/2010:14:55:30 +0000] "GET /flash/swfupload.swf?preventswfcaching=1263567329974 HTTP/1.1" 304 -
::1 - - [15/Jan/2010:14:55:38 +0000] "GET /authparams.json?method=post&request_uri=/videos.json&request_params[state_update_url]=http%3A//localhost.com%3A4000/videos/%24id/status_update HTTP/1.1" 200 167
::1 - - [15/Jan/2010:14:56:11 +0000] "GET /authparams.json?method=post&request_uri=/videos.json&request_params[state_update_url]=http%3A//localhost.com%3A4000/videos/%24id/status_update HTTP/1.1" 200 167
::1 - - [15/Jan/2010:14:56:28 +0000] "GET / HTTP/1.1" 200 1284
::1 - - [15/Jan/2010:14:56:28 +0000] "GET /flash/swfupload.swf?preventswfcaching=1263567388839 HTTP/1.1" 200 12787
::1 - - [15/Jan/2010:14:56:39 +0000] "GET /authparams.json?method=post&request_uri=/videos.json&request_params[state_update_url]=http%3A//localhost.com%3A4000/videos/%24id/status_update HTTP/1.1" 200 280
::1 - - [15/Jan/2010:14:56:46 +0000] "POST / HTTP/1.1" 302 -
::1 - - [15/Jan/2010:14:56:46 +0000] "GET / HTTP/1.1" 200 542
::1 - - [15/Jan/2010:14:57:01 +0000] "GET / HTTP/1.1" 200 542
::1 - - [15/Jan/2010:14:57:05 +0000] "GET / HTTP/1.1" 200 542
::1 - - [15/Jan/2010:14:57:08 +0000] "GET / HTTP/1.1" 200 542
::1 - - [15/Jan/2010:14:57:11 +0000] "GET / HTTP/1.1" 200 542
::1 - - [15/Jan/2010:14:57:26 +0000] "GET / HTTP/1.1" 200 542
::1 - - [15/Jan/2010:14:57:27 +0000] "GET / HTTP/1.1" 200 542
::1 - - [15/Jan/2010:14:57:28 +0000] "GET / HTTP/1.1" 200 542
::1 - - [15/Jan/2010:14:57:29 +0000] "GET /js/swfupload.js HTTP/1.1" 304 -
::1 - - [15/Jan/2010:14:57:29 +0000] "GET /js/swfupload.swfobject.js HTTP/1.1" 304 -
::1 - - [15/Jan/2010:14:57:29 +0000] "GET /js/panda_uploader.js HTTP/1.1" 304 -
::1 - - [15/Jan/2010:14:57:29 +0000] "GET /js/handlers.js HTTP/1.1" 304 -
::1 - - [15/Jan/2010:14:57:29 +0000] "GET /js/fileprogress.js HTTP/1.1" 304 -
::1 - - [15/Jan/2010:14:57:56 +0000] "GET / HTTP/1.1" 200 1290
::1 - - [15/Jan/2010:14:57:56 +0000] "GET /js/swfupload.js HTTP/1.1" 304 -
::1 - - [15/Jan/2010:14:57:56 +0000] "GET /js/swfupload.swfobject.js HTTP/1.1" 304 -
::1 - - [15/Jan/2010:14:57:56 +0000] "GET /js/panda_uploader.js HTTP/1.1" 304 -
::1 - - [15/Jan/2010:14:57:56 +0000] "GET /js/handlers.js HTTP/1.1" 304 -
::1 - - [15/Jan/2010:14:57:56 +0000] "GET /js/fileprogress.js HTTP/1.1" 304 -
::1 - - [15/Jan/2010:14:58:07 +0000] "GET / HTTP/1.1" 200 1290
::1 - - [15/Jan/2010:14:58:07 +0000] "GET /js/swfupload.js HTTP/1.1" 304 -
::1 - - [15/Jan/2010:14:58:07 +0000] "GET /js/swfupload.swfobject.js HTTP/1.1" 304 -
::1 - - [15/Jan/2010:14:58:07 +0000] "GET /js/panda_uploader.js HTTP/1.1" 304 -
::1 - - [15/Jan/2010:14:58:07 +0000] "GET /js/handlers.js HTTP/1.1" 304 -
::1 - - [15/Jan/2010:14:58:07 +0000] "GET /js/fileprogress.js HTTP/1.1" 304 -
::1 - - [15/Jan/2010:14:58:25 +0000] "GET / HTTP/1.1" 200 1290
::1 - - [15/Jan/2010:14:58:26 +0000] "GET /js/swfupload.js HTTP/1.1" 304 -
::1 - - [15/Jan/2010:14:58:26 +0000] "GET /js/swfupload.swfobject.js HTTP/1.1" 304 -
::1 - - [15/Jan/2010:14:58:26 +0000] "GET /js/panda_uploader.js HTTP/1.1" 304 -
::1 - - [15/Jan/2010:14:58:26 +0000] "GET /js/handlers.js HTTP/1.1" 304 -
::1 - - [15/Jan/2010:14:58:26 +0000] "GET /js/fileprogress.js HTTP/1.1" 304 -
::1 - - [15/Jan/2010:14:58:41 +0000] "GET / HTTP/1.1" 200 1290
::1 - - [15/Jan/2010:14:58:42 +0000] "GET /js/swfupload.js HTTP/1.1" 304 -
::1 - - [15/Jan/2010:14:58:42 +0000] "GET /js/swfupload.swfobject.js HTTP/1.1" 304 -
::1 - - [15/Jan/2010:14:58:42 +0000] "GET /js/panda_uploader.js HTTP/1.1" 304 -
::1 - - [15/Jan/2010:14:58:42 +0000] "GET /js/handlers.js HTTP/1.1" 304 -
::1 - - [15/Jan/2010:14:58:42 +0000] "GET /js/fileprogress.js HTTP/1.1" 304 -
::1 - - [15/Jan/2010:14:58:46 +0000] "GET / HTTP/1.1" 200 1290
::1 - - [15/Jan/2010:14:58:47 +0000] "GET /js/swfupload.js HTTP/1.1" 304 -
::1 - - [15/Jan/2010:14:58:47 +0000] "GET /js/swfupload.swfobject.js HTTP/1.1" 304 -
::1 - - [15/Jan/2010:14:58:47 +0000] "GET /js/panda_uploader.js HTTP/1.1" 304 -
::1 - - [15/Jan/2010:14:58:47 +0000] "GET /js/handlers.js HTTP/1.1" 304 -
::1 - - [15/Jan/2010:14:58:47 +0000] "GET /js/fileprogress.js HTTP/1.1" 304 -
::1 - - [15/Jan/2010:14:59:55 +0000] "GET / HTTP/1.1" 200 1290
::1 - - [15/Jan/2010:15:02:27 +0000] "GET / HTTP/1.1" 200 1290
::1 - - [15/Jan/2010:15:02:27 +0000] "GET /js/swfupload.js HTTP/1.1" 304 -
::1 - - [15/Jan/2010:15:02:27 +0000] "GET /js/swfupload.swfobject.js HTTP/1.1" 304 -
::1 - - [15/Jan/2010:15:02:27 +0000] "GET /js/panda_uploader.js HTTP/1.1" 304 -
::1 - - [15/Jan/2010:15:02:27 +0000] "GET /js/handlers.js HTTP/1.1" 304 -
::1 - - [15/Jan/2010:15:02:27 +0000] "GET /js/fileprogress.js HTTP/1.1" 304 -
::1 - - [15/Jan/2010:15:02:43 +0000] "GET / HTTP/1.1" 200 1290
::1 - - [15/Jan/2010:15:02:44 +0000] "GET /js/swfupload.js HTTP/1.1" 304 -
::1 - - [15/Jan/2010:15:02:44 +0000] "GET /js/swfupload.swfobject.js HTTP/1.1" 304 -
::1 - - [15/Jan/2010:15:02:44 +0000] "GET /js/panda_uploader.js HTTP/1.1" 304 -
::1 - - [15/Jan/2010:15:02:44 +0000] "GET /js/handlers.js HTTP/1.1" 304 -
::1 - - [15/Jan/2010:15:02:44 +0000] "GET /js/fileprogress.js HTTP/1.1" 304 -
::1 - - [15/Jan/2010:15:07:58 +0000] "GET / HTTP/1.1" 200 1290
::1 - - [15/Jan/2010:15:09:06 +0000] "GET /reset HTTP/1.1" 302 -
::1 - - [15/Jan/2010:15:09:06 +0000] "GET / HTTP/1.1" 200 1284
::1 - - [15/Jan/2010:15:09:06 +0000] "GET /flash/swfupload.swf?preventswfcaching=1263568146352 HTTP/1.1" 200 12787
::1 - - [15/Jan/2010:15:09:11 +0000] "GET /authparams.json?method=post&request_uri=/videos.json&request_params[state_update_url]=http%3A//localhost.com%3A4000/videos/%24id/status_update HTTP/1.1" 200 281
::1 - - [15/Jan/2010:15:09:21 +0000] "POST / HTTP/1.1" 302 -
::1 - - [15/Jan/2010:15:09:21 +0000] "GET / HTTP/1.1" 200 1290
::1 - - [15/Jan/2010:15:09:27 +0000] "GET / HTTP/1.1" 200 1290
::1 - - [15/Jan/2010:15:09:31 +0000] "GET / HTTP/1.1" 200 1315
::1 - - [15/Jan/2010:15:09:42 +0000] "GET / HTTP/1.1" 200 2001
::1 - - [15/Jan/2010:15:09:43 +0000] "GET /flash/player.swf HTTP/1.1" 200 38096
::1 - - [15/Jan/2010:15:11:22 +0000] "GET / HTTP/1.1" 200 1230
::1 - - [15/Jan/2010:15:11:22 +0000] "GET /js/swfupload.js HTTP/1.1" 304 -
::1 - - [15/Jan/2010:15:11:22 +0000] "GET /js/swfupload.swfobject.js HTTP/1.1" 304 -
::1 - - [15/Jan/2010:15:11:22 +0000] "GET /js/panda_uploader.js HTTP/1.1" 304 -
::1 - - [15/Jan/2010:15:11:22 +0000] "GET /js/handlers.js HTTP/1.1" 304 -
::1 - - [15/Jan/2010:15:11:22 +0000] "GET /js/fileprogress.js HTTP/1.1" 304 -
::1 - - [15/Jan/2010:15:11:22 +0000] "GET /flash/player.swf HTTP/1.1" 304 -
::1 - - [15/Jan/2010:15:14:31 +0000] "GET / HTTP/1.1" 200 1230
::1 - - [15/Jan/2010:15:14:32 +0000] "GET /reset HTTP/1.1" 200 290
::1 - - [15/Jan/2010:15:14:42 +0000] "GET /reset HTTP/1.1" 200 294
::1 - - [15/Jan/2010:15:14:51 +0000] "GET /reset HTTP/1.1" 200 155
::1 - - [15/Jan/2010:15:15:02 +0000] "GET /reset HTTP/1.1" 302 275
::1 - - [15/Jan/2010:15:15:02 +0000] "GET / HTTP/1.1" 200 1284
::1 - - [15/Jan/2010:15:15:02 +0000] "GET /js/swfupload.js HTTP/1.1" 304 -
::1 - - [15/Jan/2010:15:15:02 +0000] "GET /js/swfupload.swfobject.js HTTP/1.1" 304 -
::1 - - [15/Jan/2010:15:15:02 +0000] "GET /js/panda_uploader.js HTTP/1.1" 304 -
::1 - - [15/Jan/2010:15:15:02 +0000] "GET /js/handlers.js HTTP/1.1" 304 -
::1 - - [15/Jan/2010:15:15:02 +0000] "GET /js/fileprogress.js HTTP/1.1" 304 -
::1 - - [15/Jan/2010:15:15:03 +0000] "GET /flash/swfupload.swf?preventswfcaching=1263568503055 HTTP/1.1" 200 12787
::1 - - [15/Jan/2010:15:15:03 +0000] "GET /flash/swfupload.swf?preventswfcaching=1263568503055 HTTP/1.1" 304 -
::1 - - [15/Jan/2010:15:15:14 +0000] "GET /authparams.json?method=post&request_uri=/videos.json&request_params[state_update_url]=http%3A//localhost.com%3A4000/videos/%24id/status_update HTTP/1.1" 200 281
::1 - - [15/Jan/2010:15:15:23 +0000] "POST / HTTP/1.1" 302 -
::1 - - [15/Jan/2010:15:15:23 +0000] "GET / HTTP/1.1" 200 1341
::1 - - [15/Jan/2010:15:15:32 +0000] "GET / HTTP/1.1" 200 2001
::1 - - [15/Jan/2010:15:15:45 +0000] "GET / HTTP/1.1" 200 1230
::1 - - [15/Jan/2010:15:15:45 +0000] "GET /js/swfupload.js HTTP/1.1" 304 -
::1 - - [15/Jan/2010:15:15:45 +0000] "GET /js/swfupload.swfobject.js HTTP/1.1" 304 -
::1 - - [15/Jan/2010:15:15:45 +0000] "GET /js/panda_uploader.js HTTP/1.1" 304 -
::1 - - [15/Jan/2010:15:15:45 +0000] "GET /js/handlers.js HTTP/1.1" 304 -
::1 - - [15/Jan/2010:15:15:45 +0000] "GET /js/fileprogress.js HTTP/1.1" 304 -
::1 - - [15/Jan/2010:15:15:45 +0000] "GET /flash/player.swf HTTP/1.1" 304 -
::1 - - [15/Jan/2010:15:17:35 +0000] "GET / HTTP/1.1" 200 1269
::1 - - [15/Jan/2010:15:17:35 +0000] "GET /js/swfupload.js HTTP/1.1" 304 -
::1 - - [15/Jan/2010:15:17:35 +0000] "GET /js/swfupload.swfobject.js HTTP/1.1" 304 -
::1 - - [15/Jan/2010:15:17:35 +0000] "GET /js/panda_uploader.js HTTP/1.1" 304 -
::1 - - [15/Jan/2010:15:17:35 +0000] "GET /js/handlers.js HTTP/1.1" 304 -
::1 - - [15/Jan/2010:15:17:35 +0000] "GET /js/fileprogress.js HTTP/1.1" 304 -
::1 - - [15/Jan/2010:15:17:35 +0000] "GET /flash/player.swf HTTP/1.1" 304 -
::1 - - [15/Jan/2010:15:17:37 +0000] "GET /reset HTTP/1.1" 302 275
::1 - - [15/Jan/2010:15:17:38 +0000] "GET / HTTP/1.1" 200 1284
::1 - - [15/Jan/2010:15:17:38 +0000] "GET /flash/swfupload.swf?preventswfcaching=1263568658202 HTTP/1.1" 200 12787
::1 - - [15/Jan/2010:15:18:14 +0000] "GET /authparams.json?method=post&request_uri=/videos.json&request_params[state_update_url]=http%3A//localhost.com%3A4000/videos/%24id/status_update HTTP/1.1" 200 279
::1 - - [15/Jan/2010:15:18:22 +0000] "POST / HTTP/1.1" 302 -
::1 - - [15/Jan/2010:15:18:22 +0000] "GET / HTTP/1.1" 200 593
::1 - - [15/Jan/2010:15:18:26 +0000] "GET / HTTP/1.1" 200 593
::1 - - [15/Jan/2010:15:18:29 +0000] "GET / HTTP/1.1" 200 593
::1 - - [15/Jan/2010:15:18:32 +0000] "GET / HTTP/1.1" 200 593
::1 - - [15/Jan/2010:15:18:34 +0000] "GET / HTTP/1.1" 200 593
::1 - - [15/Jan/2010:15:18:35 +0000] "GET / HTTP/1.1" 200 593
::1 - - [15/Jan/2010:15:18:35 +0000] "GET /js/swfupload.js HTTP/1.1" 304 -
::1 - - [15/Jan/2010:15:18:35 +0000] "GET /js/panda_uploader.js HTTP/1.1" 304 -
::1 - - [15/Jan/2010:15:18:35 +0000] "GET /js/handlers.js HTTP/1.1" 304 -
::1 - - [15/Jan/2010:15:18:35 +0000] "GET /js/swfupload.swfobject.js HTTP/1.1" 304 -
::1 - - [15/Jan/2010:15:18:35 +0000] "GET /js/fileprogress.js HTTP/1.1" 304 -
::1 - - [15/Jan/2010:15:18:37 +0000] "GET / HTTP/1.1" 200 593
::1 - - [15/Jan/2010:15:18:37 +0000] "GET /js/swfupload.js HTTP/1.1" 304 -
::1 - - [15/Jan/2010:15:18:37 +0000] "GET /js/swfupload.swfobject.js HTTP/1.1" 304 -
::1 - - [15/Jan/2010:15:18:37 +0000] "GET /js/panda_uploader.js HTTP/1.1" 304 -
::1 - - [15/Jan/2010:15:18:37 +0000] "GET /js/handlers.js HTTP/1.1" 304 -
::1 - - [15/Jan/2010:15:18:37 +0000] "GET /js/fileprogress.js HTTP/1.1" 304 -
::1 - - [15/Jan/2010:15:18:38 +0000] "GET / HTTP/1.1" 200 593
::1 - - [15/Jan/2010:15:18:38 +0000] "GET /js/swfupload.js HTTP/1.1" 304 -
::1 - - [15/Jan/2010:15:18:38 +0000] "GET /js/swfupload.swfobject.js HTTP/1.1" 304 -
::1 - - [15/Jan/2010:15:18:38 +0000] "GET /js/panda_uploader.js HTTP/1.1" 304 -
::1 - - [15/Jan/2010:15:18:38 +0000] "GET /js/handlers.js HTTP/1.1" 304 -
::1 - - [15/Jan/2010:15:18:38 +0000] "GET /js/fileprogress.js HTTP/1.1" 304 -
::1 - - [15/Jan/2010:15:18:40 +0000] "GET / HTTP/1.1" 200 593
::1 - - [15/Jan/2010:15:19:08 +0000] "GET / HTTP/1.1" 200 593
::1 - - [15/Jan/2010:15:19:13 +0000] "GET / HTTP/1.1" 200 593
::1 - - [15/Jan/2010:15:19:16 +0000] "GET / HTTP/1.1" 200 593
::1 - - [15/Jan/2010:15:19:22 +0000] "GET / HTTP/1.1" 200 593
::1 - - [15/Jan/2010:15:19:54 +0000] "GET / HTTP/1.1" 200 593
::1 - - [15/Jan/2010:15:19:54 +0000] "GET /js/swfupload.js HTTP/1.1" 304 -
::1 - - [15/Jan/2010:15:19:54 +0000] "GET /js/swfupload.swfobject.js HTTP/1.1" 304 -
::1 - - [15/Jan/2010:15:19:54 +0000] "GET /js/panda_uploader.js HTTP/1.1" 304 -
::1 - - [15/Jan/2010:15:19:54 +0000] "GET /js/handlers.js HTTP/1.1" 304 -
::1 - - [15/Jan/2010:15:19:54 +0000] "GET /js/fileprogress.js HTTP/1.1" 304 -
::1 - - [15/Jan/2010:15:20:11 +0000] "GET / HTTP/1.1" 200 593
::1 - - [15/Jan/2010:15:20:11 +0000] "GET /js/swfupload.js HTTP/1.1" 304 -
::1 - - [15/Jan/2010:15:20:11 +0000] "GET /js/swfupload.swfobject.js HTTP/1.1" 304 -
::1 - - [15/Jan/2010:15:20:11 +0000] "GET /js/panda_uploader.js HTTP/1.1" 304 -
::1 - - [15/Jan/2010:15:20:11 +0000] "GET /js/handlers.js HTTP/1.1" 304 -
::1 - - [15/Jan/2010:15:20:11 +0000] "GET /js/fileprogress.js HTTP/1.1" 304 -
::1 - - [15/Jan/2010:15:20:11 +0000] "GET / HTTP/1.1" 200 593
::1 - - [15/Jan/2010:15:20:11 +0000] "GET /js/swfupload.js HTTP/1.1" 304 -
::1 - - [15/Jan/2010:15:20:11 +0000] "GET /js/swfupload.swfobject.js HTTP/1.1" 304 -
::1 - - [15/Jan/2010:15:20:11 +0000] "GET /js/panda_uploader.js HTTP/1.1" 304 -
::1 - - [15/Jan/2010:15:20:11 +0000] "GET /js/handlers.js HTTP/1.1" 304 -
::1 - - [15/Jan/2010:15:20:11 +0000] "GET /js/fileprogress.js HTTP/1.1" 304 -
::1 - - [15/Jan/2010:15:20:30 +0000] "GET / HTTP/1.1" 200 593
::1 - - [15/Jan/2010:15:20:30 +0000] "GET /js/swfupload.js HTTP/1.1" 304 -
::1 - - [15/Jan/2010:15:20:30 +0000] "GET /js/swfupload.swfobject.js HTTP/1.1" 304 -
::1 - - [15/Jan/2010:15:20:30 +0000] "GET /js/panda_uploader.js HTTP/1.1" 304 -
::1 - - [15/Jan/2010:15:20:30 +0000] "GET /js/handlers.js HTTP/1.1" 304 -
::1 - - [15/Jan/2010:15:20:30 +0000] "GET /js/fileprogress.js HTTP/1.1" 304 -
::1 - - [15/Jan/2010:15:20:33 +0000] "GET / HTTP/1.1" 200 1269
::1 - - [15/Jan/2010:15:20:33 +0000] "GET /js/swfupload.js HTTP/1.1" 304 -
::1 - - [15/Jan/2010:15:20:33 +0000] "GET /js/swfupload.swfobject.js HTTP/1.1" 304 -
::1 - - [15/Jan/2010:15:20:33 +0000] "GET /js/panda_uploader.js HTTP/1.1" 304 -
::1 - - [15/Jan/2010:15:20:33 +0000] "GET /js/handlers.js HTTP/1.1" 304 -
::1 - - [15/Jan/2010:15:20:33 +0000] "GET /js/fileprogress.js HTTP/1.1" 304 -
::1 - - [15/Jan/2010:15:20:33 +0000] "GET /flash/player.swf HTTP/1.1" 304 -
::1 - - [15/Jan/2010:15:20:41 +0000] "GET /reset HTTP/1.1" 302 275
::1 - - [15/Jan/2010:15:20:42 +0000] "GET / HTTP/1.1" 200 1284
::1 - - [15/Jan/2010:15:20:42 +0000] "GET /flash/swfupload.swf?preventswfcaching=1263568842227 HTTP/1.1" 200 12787
::1 - - [15/Jan/2010:15:26:04 +0000] "GET / HTTP/1.1" 200 1284
::1 - - [15/Jan/2010:15:26:04 +0000] "GET /js/swfupload.js HTTP/1.1" 304 -
::1 - - [15/Jan/2010:15:26:04 +0000] "GET /js/swfupload.swfobject.js HTTP/1.1" 304 -
::1 - - [15/Jan/2010:15:26:04 +0000] "GET /js/panda_uploader.js HTTP/1.1" 304 -
::1 - - [15/Jan/2010:15:26:04 +0000] "GET /js/handlers.js HTTP/1.1" 304 -
::1 - - [15/Jan/2010:15:26:04 +0000] "GET /js/fileprogress.js HTTP/1.1" 304 -
::1 - - [15/Jan/2010:15:26:04 +0000] "GET /flash/swfupload.swf?preventswfcaching=1263569164936 HTTP/1.1" 200 12787
::1 - - [15/Jan/2010:15:26:05 +0000] "GET /flash/swfupload.swf?preventswfcaching=1263569164936 HTTP/1.1" 304 -
::1 - - [15/Jan/2010:15:26:06 +0000] "GET / HTTP/1.1" 200 1284
::1 - - [15/Jan/2010:15:26:06 +0000] "GET /js/swfupload.js HTTP/1.1" 304 -
::1 - - [15/Jan/2010:15:26:06 +0000] "GET /js/swfupload.swfobject.js HTTP/1.1" 304 -
::1 - - [15/Jan/2010:15:26:06 +0000] "GET /js/panda_uploader.js HTTP/1.1" 304 -
::1 - - [15/Jan/2010:15:26:06 +0000] "GET /js/handlers.js HTTP/1.1" 304 -
::1 - - [15/Jan/2010:15:26:06 +0000] "GET /js/fileprogress.js HTTP/1.1" 304 -
::1 - - [15/Jan/2010:15:26:06 +0000] "GET /flash/swfupload.swf?preventswfcaching=1263569166299 HTTP/1.1" 200 12787
::1 - - [15/Jan/2010:15:26:06 +0000] "GET /flash/swfupload.swf?preventswfcaching=1263569166299 HTTP/1.1" 304 -
::1 - - [15/Jan/2010:15:26:13 +0000] "GET / HTTP/1.1" 200 1284
::1 - - [15/Jan/2010:15:26:13 +0000] "GET /flash/swfupload.swf?preventswfcaching=1263569173095 HTTP/1.1" 200 12787
::1 - - [15/Jan/2010:15:26:18 +0000] "GET /authparams.json?method=post&request_uri=/videos.json&request_params[state_update_url]=http%3A//localhost.com%3A4000/videos/%24id/status_update HTTP/1.1" 200 281
::1 - - [15/Jan/2010:15:26:26 +0000] "POST / HTTP/1.1" 302 -
::1 - - [15/Jan/2010:15:26:26 +0000] "GET / HTTP/1.1" 200 593
::1 - - [15/Jan/2010:15:26:29 +0000] "GET / HTTP/1.1" 200 593
::1 - - [15/Jan/2010:15:26:35 +0000] "GET / HTTP/1.1" 200 593
::1 - - [15/Jan/2010:15:26:41 +0000] "GET / HTTP/1.1" 200 593
::1 - - [15/Jan/2010:15:26:44 +0000] "GET / HTTP/1.1" 200 593
::1 - - [15/Jan/2010:15:26:51 +0000] "GET / HTTP/1.1" 200 593
::1 - - [15/Jan/2010:15:26:54 +0000] "GET / HTTP/1.1" 200 593
::1 - - [15/Jan/2010:15:26:54 +0000] "GET /js/swfupload.js HTTP/1.1" 304 -
::1 - - [15/Jan/2010:15:26:54 +0000] "GET /js/swfupload.swfobject.js HTTP/1.1" 304 -
::1 - - [15/Jan/2010:15:26:54 +0000] "GET /js/panda_uploader.js HTTP/1.1" 304 -
::1 - - [15/Jan/2010:15:26:54 +0000] "GET /js/handlers.js HTTP/1.1" 304 -
::1 - - [15/Jan/2010:15:26:54 +0000] "GET /js/fileprogress.js HTTP/1.1" 304 -
::1 - - [15/Jan/2010:15:27:05 +0000] "GET / HTTP/1.1" 200 593
::1 - - [15/Jan/2010:15:27:14 +0000] "GET / HTTP/1.1" 200 593
::1 - - [15/Jan/2010:15:27:21 +0000] "GET /authparams.json?method=post&request_uri=/videos.json&request_params[state_update_url]=http%3A//localhost.com%3A4000/videos/%24id/status_update HTTP/1.1" 200 279
::1 - - [15/Jan/2010:15:27:28 +0000] "GET / HTTP/1.1" 200 593
::1 - - [15/Jan/2010:15:27:29 +0000] "GET / HTTP/1.1" 200 593
::1 - - [15/Jan/2010:15:27:30 +0000] "GET /js/swfupload.js HTTP/1.1" 304 -
::1 - - [15/Jan/2010:15:27:30 +0000] "GET /js/swfupload.swfobject.js HTTP/1.1" 304 -
::1 - - [15/Jan/2010:15:27:30 +0000] "GET /js/panda_uploader.js HTTP/1.1" 304 -
::1 - - [15/Jan/2010:15:27:30 +0000] "GET /js/handlers.js HTTP/1.1" 304 -
::1 - - [15/Jan/2010:15:27:30 +0000] "GET /js/fileprogress.js HTTP/1.1" 304 -
::1 - - [15/Jan/2010:15:27:37 +0000] "GET / HTTP/1.1" 200 593
::1 - - [15/Jan/2010:15:27:39 +0000] "GET / HTTP/1.1" 200 593
::1 - - [15/Jan/2010:15:27:40 +0000] "GET /js/swfupload.js HTTP/1.1" 304 -
::1 - - [15/Jan/2010:15:27:40 +0000] "GET /js/swfupload.swfobject.js HTTP/1.1" 304 -
::1 - - [15/Jan/2010:15:27:40 +0000] "GET /js/panda_uploader.js HTTP/1.1" 304 -
::1 - - [15/Jan/2010:15:27:40 +0000] "GET /js/handlers.js HTTP/1.1" 304 -
::1 - - [15/Jan/2010:15:27:40 +0000] "GET /js/fileprogress.js HTTP/1.1" 304 -
::1 - - [15/Jan/2010:15:27:53 +0000] "GET / HTTP/1.1" 200 1341
::1 - - [15/Jan/2010:15:27:54 +0000] "GET /js/swfupload.js HTTP/1.1" 304 -
::1 - - [15/Jan/2010:15:27:54 +0000] "GET /js/swfupload.swfobject.js HTTP/1.1" 304 -
::1 - - [15/Jan/2010:15:27:54 +0000] "GET /js/panda_uploader.js HTTP/1.1" 304 -
::1 - - [15/Jan/2010:15:27:54 +0000] "GET /js/handlers.js HTTP/1.1" 304 -
::1 - - [15/Jan/2010:15:27:54 +0000] "GET /js/fileprogress.js HTTP/1.1" 304 -
::1 - - [15/Jan/2010:15:29:11 +0000] "GET / HTTP/1.1" 200 593
::1 - - [15/Jan/2010:15:29:12 +0000] "GET /js/swfupload.js HTTP/1.1" 304 -
::1 - - [15/Jan/2010:15:29:12 +0000] "GET /js/swfupload.swfobject.js HTTP/1.1" 304 -
::1 - - [15/Jan/2010:15:29:12 +0000] "GET /js/panda_uploader.js HTTP/1.1" 304 -
::1 - - [15/Jan/2010:15:29:12 +0000] "GET /js/handlers.js HTTP/1.1" 304 -
::1 - - [15/Jan/2010:15:29:12 +0000] "GET /js/fileprogress.js HTTP/1.1" 304 -
::1 - - [15/Jan/2010:15:29:13 +0000] "GET / HTTP/1.1" 200 593
::1 - - [15/Jan/2010:15:29:35 +0000] "GET / HTTP/1.1" 200 593
::1 - - [15/Jan/2010:15:29:35 +0000] "GET /js/swfupload.js HTTP/1.1" 304 -
::1 - - [15/Jan/2010:15:29:35 +0000] "GET /js/swfupload.swfobject.js HTTP/1.1" 304 -
::1 - - [15/Jan/2010:15:29:35 +0000] "GET /js/panda_uploader.js HTTP/1.1" 304 -
::1 - - [15/Jan/2010:15:29:35 +0000] "GET /js/handlers.js HTTP/1.1" 304 -
::1 - - [15/Jan/2010:15:29:35 +0000] "GET /js/fileprogress.js HTTP/1.1" 304 -
::1 - - [15/Jan/2010:15:29:38 +0000] "GET /reset HTTP/1.1" 302 275
::1 - - [15/Jan/2010:15:29:38 +0000] "GET / HTTP/1.1" 200 1284
::1 - - [15/Jan/2010:15:29:38 +0000] "GET /flash/swfupload.swf?preventswfcaching=1263569378551 HTTP/1.1" 200 12787
::1 - - [15/Jan/2010:15:29:43 +0000] "GET /authparams.json?method=post&request_uri=/videos.json&request_params[state_update_url]=http%3A//localhost.com%3A4000/videos/%24id/status_update HTTP/1.1" 200 279
::1 - - [15/Jan/2010:15:29:53 +0000] "POST / HTTP/1.1" 302 -
::1 - - [15/Jan/2010:15:29:53 +0000] "GET / HTTP/1.1" 200 593
::1 - - [15/Jan/2010:15:30:04 +0000] "GET / HTTP/1.1" 200 593
::1 - - [15/Jan/2010:15:30:07 +0000] "GET / HTTP/1.1" 200 1269
::1 - - [15/Jan/2010:15:30:07 +0000] "GET /js/swfupload.js HTTP/1.1" 304 -
::1 - - [15/Jan/2010:15:30:07 +0000] "GET /js/swfupload.swfobject.js HTTP/1.1" 304 -
::1 - - [15/Jan/2010:15:30:07 +0000] "GET /js/panda_uploader.js HTTP/1.1" 304 -
::1 - - [15/Jan/2010:15:30:07 +0000] "GET /js/handlers.js HTTP/1.1" 304 -
::1 - - [15/Jan/2010:15:30:07 +0000] "GET /js/fileprogress.js HTTP/1.1" 304 -
::1 - - [15/Jan/2010:15:30:08 +0000] "GET /flash/player.swf HTTP/1.1" 304 -
::1 - - [15/Jan/2010:15:30:17 +0000] "GET /reset HTTP/1.1" 302 275
::1 - - [15/Jan/2010:15:30:18 +0000] "GET / HTTP/1.1" 200 1284
::1 - - [15/Jan/2010:15:30:18 +0000] "GET /flash/swfupload.swf?preventswfcaching=1263569418163 HTTP/1.1" 200 12787
